c:\users\vanadi\onedrive\máy tính\make sdl\make sdl game\make sdl game\debug\vc142.pdb
c:\users\vanadi\onedrive\máy tính\make sdl\make sdl game\make sdl game\debug\vc142.idb
c:\users\vanadi\onedrive\máy tính\make sdl\make sdl game\make sdl game\debug\main.obj
c:\users\vanadi\onedrive\máy tính\make sdl\make sdl game\debug\make sdl game.exe
c:\users\vanadi\onedrive\máy tính\make sdl\make sdl game\debug\make sdl game.ilk
c:\users\vanadi\onedrive\máy tính\make sdl\make sdl game\debug\make sdl game.pdb
c:\users\vanadi\onedrive\máy tính\make sdl\make sdl game\make sdl game\debug\make sdl game.res
c:\users\vanadi\onedrive\máy tính\make sdl\make sdl game\make sdl game\debug\baseobj.obj
c:\users\vanadi\onedrive\máy tính\make sdl\make sdl game\make sdl game\debug\commonfunc.obj
c:\users\vanadi\onedrive\máy tính\make sdl\make sdl game\make sdl game\debug\mainobj.obj
c:\users\vanadi\onedrive\máy tính\make sdl\make sdl game\make sdl game\debug\make sdl game.obj
c:\users\vanadi\onedrive\máy tính\make sdl\make sdl game\make sdl game\debug\srcode.obj
c:\users\vanadi\onedrive\máy tính\make sdl\make sdl game\make sdl game\debug\make sdl game.tlog\cl.command.1.tlog
c:\users\vanadi\onedrive\máy tính\make sdl\make sdl game\make sdl game\debug\make sdl game.tlog\cl.read.1.tlog
c:\users\vanadi\onedrive\máy tính\make sdl\make sdl game\make sdl game\debug\make sdl game.tlog\cl.write.1.tlog
c:\users\vanadi\onedrive\máy tính\make sdl\make sdl game\make sdl game\debug\make sdl game.tlog\link-cvtres.read.1.tlog
c:\users\vanadi\onedrive\máy tính\make sdl\make sdl game\make sdl game\debug\make sdl game.tlog\link-rc.read.1.tlog
c:\users\vanadi\onedrive\máy tính\make sdl\make sdl game\make sdl game\debug\make sdl game.tlog\link.command.1.tlog
c:\users\vanadi\onedrive\máy tính\make sdl\make sdl game\make sdl game\debug\make sdl game.tlog\link.read.1.tlog
c:\users\vanadi\onedrive\máy tính\make sdl\make sdl game\make sdl game\debug\make sdl game.tlog\link.write.1.tlog
c:\users\vanadi\onedrive\máy tính\make sdl\make sdl game\make sdl game\debug\make sdl game.tlog\rc.command.1.tlog
c:\users\vanadi\onedrive\máy tính\make sdl\make sdl game\make sdl game\debug\make sdl game.tlog\rc.read.1.tlog
c:\users\vanadi\onedrive\máy tính\make sdl\make sdl game\make sdl game\debug\make sdl game.tlog\rc.write.1.tlog
